0 info it worked if it ends with ok
1 verbose cli [ 'C:\\Users\\vahid_r\\nvmw\\nodejs\\v0.10.26\\\\node.exe',
1 verbose cli   'C:\\Users\\vahid_r\\nvmw\\nodejs\\v0.10.26\\node_modules\\npm\\bin\\npm-cli.js',
1 verbose cli   'install',
1 verbose cli   'querystring' ]
2 info using npm@1.4.3
3 info using node@v0.10.26
4 verbose node symlink C:\Users\vahid_r\nvmw\nodejs\v0.10.26\\node.exe
5 error Failed to parse json
5 error Unexpected token <
6 error File: D:\project\telegram\telegram_ali\telegram\package.json
7 error Failed to parse package.json data.
7 error package.json must be actual JSON, not just JavaScript.
7 error
7 error This is not a bug in npm.
7 error Tell the package author to fix their package.json file. JSON.parse
8 error System Windows_NT 6.2.9200
9 error command "C:\\Users\\vahid_r\\nvmw\\nodejs\\v0.10.26\\\\node.exe" "C:\\Users\\vahid_r\\nvmw\\nodejs\\v0.10.26\\node_modules\\npm\\bin\\npm-cli.js" "install" "querystring"
10 error cwd D:\project\telegram\telegram_ali\telegram
11 error node -v v0.10.26
12 error npm -v 1.4.3
13 error file D:\project\telegram\telegram_ali\telegram\package.json
14 error code EJSONPARSE
15 verbose exit [ 1, true ]
